checking for an accelerator...
Found a GPU device: Tesla P100-PCIE-16GB
Loaded 9030 sites into device
Consisting of 5268 atoms and 3762 interstitials 
constructing graph Laplacian
constructing graph Laplacian on the GPU
Executing linear system solver on GPU ...
Executing linear system solver on GPU ...
Executing linear system solver on GPU ...
Warning: error in linear system solver for background potential!
Executing linear system solver on GPU ...
Executing GEMM on GPU ...
Done
Executing linear system solver on GPU ...
Warning: error in linear system solver for background potential!
Executing linear system solver on GPU ...
Executing GEMM on GPU ...
Done
Executing linear system solver on GPU ...
Warning: error in linear system solver for background potential!
Executing linear system solver on GPU ...
Executing GEMM on GPU ...
Done
Executing linear system solver on GPU ...
Warning: error in linear system solver for background potential!
Executing linear system solver on GPU ...
Executing GEMM on GPU ...
Done


Batch Job Summary Report (version 21.01.1) for Job "test" (49023342) on daint

Job information (1/3)
-----------------------------------------------------------------------------------------------------
             Submit            Eligible               Start                 End    Elapsed Time limit
------------------- ------------------- ------------------- ------------------- ---------- ----------
2023-09-20T09:21:09 2023-09-20T09:21:09 2023-09-20T09:21:33 2023-09-20T09:22:19   00:00:46   05:00:00
-----------------------------------------------------------------------------------------------------

Job information (2/3)
-------------------------------------------------------------
    Username      Account    Partition   NNodes        Energy
------------ ------------ ------------ -------- -------------
       hck05          hck       normal        1      4.185 kJ

Job information (3/3) - GPU utilization data
----------------------------------------------------
   Node name       Usage      Max mem Execution time
------------ ----------- ------------ --------------
    nid01934         5 %     1201 MiB       00:00:36

